<?xml version="1.0" encoding="UTF-8"?>
<!-- Generated by org.testng.reporters.JUnitReportReporter -->
<testsuite hostname="LAPTOP-DI9KG3PP" failures="0" tests="4" name="org.teamswt301.dirverdatabasedata.dao.test.CharacterCRUDNGTest" time="0.362" errors="0" timestamp="2023-03-06T23:10:46 ICT" skipped="0">
  <testcase classname="org.teamswt301.dirverdatabasedata.dao.test.CharacterCRUDNGTest" name="testDeleteCharacterWithGivenRightArgumentReturnWell" time="0.034"/>
  <system-out/>
  <testcase classname="org.teamswt301.dirverdatabasedata.dao.test.CharacterCRUDNGTest" name="testCreateCharacterWithValues1" time="0.006"/>
  <system-out/>
  <testcase classname="org.teamswt301.dirverdatabasedata.dao.test.CharacterCRUDNGTest" name="testCreateCharacterWithValues2" time="0.000"/>
  <system-out/>
  <testcase classname="org.teamswt301.dirverdatabasedata.dao.test.CharacterCRUDNGTest" name="testCreateCharacterWithValues3" time="0.322"/>
  <system-out/>
</testsuite> <!-- org.teamswt301.dirverdatabasedata.dao.test.CharacterCRUDNGTest -->
