<?xml version="1.0" encoding="UTF-8"?>
<!-- Generated by org.testng.reporters.JUnitReportReporter -->
<testsuite hostname="LAPTOP-DI9KG3PP" failures="0" tests="1" name="org.teamswt301.dirverdatabasedata.dao.test.TestCRUDFunctionOnCharacterDatabase" time="0.001" errors="0" timestamp="2023-03-06T22:52:41 ICT" skipped="0">
  <testcase classname="org.teamswt301.dirverdatabasedata.dao.test.TestCRUDFunctionOnCharacterDatabase" name="testSearchFunctionOnCharacterDatabase" time="0.001"/>
  <system-out/>
</testsuite> <!-- org.teamswt301.dirverdatabasedata.dao.test.TestCRUDFunctionOnCharacterDatabase -->
